<?xml version="1.0" encoding="UTF-8"?>
<testng-results ignored="1" total="3" passed="2" failed="0" skipped="0">
  <reporter-output>
  </reporter-output>
  <suite started-at="2022-09-10T20:15:24 IST" name="Default suite" finished-at="2022-09-10T20:16:26 IST" duration-ms="61976">
    <groups>
    </groups>
    <test started-at="2022-09-10T20:15:24 IST" name="Default test" finished-at="2022-09-10T20:16:26 IST" duration-ms="61976">
      <class name="com.vtechsolutions.orangehrm.testcases.LoginTC_01">
        <test-method is-config="true" signature="init()[pri:0, instance:com.vtechsolutions.orangehrm.testcases.LoginTC_01@26e356f0]" started-at="2022-09-10T20:15:23 IST" name="init" finished-at="2022-09-10T20:15:24 IST" duration-ms="1250" status="PASS">
          <reporter-output>
          </reporter-output>
        </test-method> <!-- init -->
        <test-method is-config="true" signature="setUp(java.lang.String)[pri:0, instance:com.vtechsolutions.orangehrm.testcases.LoginTC_01@26e356f0]" started-at="2022-09-10T20:15:25 IST" name="setUp" finished-at="2022-09-10T20:15:46 IST" duration-ms="21731" status="PASS">
          <params>
            <param index="0">
              <value>
                <![CDATA[Chrome]]>
              </value>
            </param>
          </params>
          <reporter-output>
          </reporter-output>
        </test-method> <!-- setUp -->
        <test-method signature="verifyLoginPageTitleTC()[pri:2, instance:com.vtechsolutions.orangehrm.testcases.LoginTC_01@26e356f0]" started-at="2022-09-10T20:15:46 IST" name="verifyLoginPageTitleTC" finished-at="2022-09-10T20:15:46 IST" duration-ms="25" status="PASS">
          <reporter-output>
          </reporter-output>
        </test-method> <!-- verifyLoginPageTitleTC -->
        <test-method is-config="true" signature="tearDown()[pri:0, instance:com.vtechsolutions.orangehrm.testcases.LoginTC_01@26e356f0]" started-at="2022-09-10T20:15:46 IST" name="tearDown" finished-at="2022-09-10T20:15:52 IST" duration-ms="5719" status="PASS">
          <reporter-output>
          </reporter-output>
        </test-method> <!-- tearDown -->
        <test-method is-config="true" signature="setUp(java.lang.String)[pri:0, instance:com.vtechsolutions.orangehrm.testcases.LoginTC_01@26e356f0]" started-at="2022-09-10T20:15:52 IST" name="setUp" finished-at="2022-09-10T20:16:12 IST" duration-ms="20359" status="PASS">
          <params>
            <param index="0">
              <value>
                <![CDATA[Chrome]]>
              </value>
            </param>
          </params>
          <reporter-output>
          </reporter-output>
        </test-method> <!-- setUp -->
        <test-method signature="loginTC_01()[pri:4, instance:com.vtechsolutions.orangehrm.testcases.LoginTC_01@26e356f0]" started-at="2022-09-10T20:16:12 IST" name="loginTC_01" finished-at="2022-09-10T20:16:19 IST" duration-ms="6828" status="PASS">
          <reporter-output>
          </reporter-output>
        </test-method> <!-- loginTC_01 -->
        <test-method is-config="true" signature="tearDown()[pri:0, instance:com.vtechsolutions.orangehrm.testcases.LoginTC_01@26e356f0]" started-at="2022-09-10T20:16:19 IST" name="tearDown" finished-at="2022-09-10T20:16:26 IST" duration-ms="6506" status="PASS">
          <reporter-output>
          </reporter-output>
        </test-method> <!-- tearDown -->
        <test-method is-config="true" signature="extentFlush()[pri:0, instance:com.vtechsolutions.orangehrm.testcases.LoginTC_01@26e356f0]" started-at="2022-09-10T20:16:26 IST" name="extentFlush" finished-at="2022-09-10T20:16:26 IST" duration-ms="754" status="PASS">
          <reporter-output>
          </reporter-output>
        </test-method> <!-- extentFlush -->
      </class> <!-- com.vtechsolutions.orangehrm.testcases.LoginTC_01 -->
    </test> <!-- Default test -->
  </suite> <!-- Default suite -->
</testng-results>
