<?xml version="1.0" encoding="UTF-8"?>
<testng-results ignored="0" total="3" passed="3" failed="0" skipped="0">
  <reporter-output>
  </reporter-output>
  <suite started-at="2022-08-28T19:16:08 IST" name="Default suite" finished-at="2022-08-28T19:17:00 IST" duration-ms="52352">
    <groups>
    </groups>
    <test started-at="2022-08-28T19:16:08 IST" name="Default test" finished-at="2022-08-28T19:17:00 IST" duration-ms="52352">
      <class name="com.vtechsolutions.orangehrm.testcases.LoginTC_03">
        <test-method is-config="true" signature="init()[pri:0, instance:com.vtechsolutions.orangehrm.testcases.LoginTC_03@26e356f0]" started-at="2022-08-28T19:16:07 IST" name="init" finished-at="2022-08-28T19:16:08 IST" duration-ms="1060" status="PASS">
          <reporter-output>
          </reporter-output>
        </test-method> <!-- init -->
        <test-method is-config="true" signature="setUp(java.lang.String)[pri:0, instance:com.vtechsolutions.orangehrm.testcases.LoginTC_03@26e356f0]" started-at="2022-08-28T19:16:08 IST" name="setUp" finished-at="2022-08-28T19:16:17 IST" duration-ms="8834" status="PASS">
          <params>
            <param index="0">
              <value>
                <![CDATA[Chrome]]>
              </value>
            </param>
          </params>
          <reporter-output>
          </reporter-output>
        </test-method> <!-- setUp -->
        <test-method signature="verifylogin(java.lang.String,java.lang.String)[pri:0, instance:com.vtechsolutions.orangehrm.testcases.LoginTC_03@26e356f0]" started-at="2022-08-28T19:16:17 IST" name="verifylogin" data-provider="getData" finished-at="2022-08-28T19:16:20 IST" duration-ms="3555" status="PASS">
          <params>
            <param index="0">
              <value>
                <![CDATA[Admin]]>
              </value>
            </param>
            <param index="1">
              <value>
                <![CDATA[admin123]]>
              </value>
            </param>
          </params>
          <reporter-output>
          </reporter-output>
        </test-method> <!-- verifylogin -->
        <test-method is-config="true" signature="tearDown()[pri:0, instance:com.vtechsolutions.orangehrm.testcases.LoginTC_03@26e356f0]" started-at="2022-08-28T19:16:20 IST" name="tearDown" finished-at="2022-08-28T19:16:26 IST" duration-ms="5723" status="PASS">
          <reporter-output>
          </reporter-output>
        </test-method> <!-- tearDown -->
        <test-method is-config="true" signature="setUp(java.lang.String)[pri:0, instance:com.vtechsolutions.orangehrm.testcases.LoginTC_03@26e356f0]" started-at="2022-08-28T19:16:26 IST" name="setUp" finished-at="2022-08-28T19:16:36 IST" duration-ms="10325" status="PASS">
          <params>
            <param index="0">
              <value>
                <![CDATA[Chrome]]>
              </value>
            </param>
          </params>
          <reporter-output>
          </reporter-output>
        </test-method> <!-- setUp -->
        <test-method signature="verifylogin(java.lang.String,java.lang.String)[pri:0, instance:com.vtechsolutions.orangehrm.testcases.LoginTC_03@26e356f0]" started-at="2022-08-28T19:16:36 IST" name="verifylogin" data-provider="getData" finished-at="2022-08-28T19:16:39 IST" duration-ms="2107" status="PASS">
          <params>
            <param index="0">
              <value>
                <![CDATA[Admin]]>
              </value>
            </param>
            <param index="1">
              <value>
                <![CDATA[admin12345]]>
              </value>
            </param>
          </params>
          <reporter-output>
          </reporter-output>
        </test-method> <!-- verifylogin -->
        <test-method is-config="true" signature="tearDown()[pri:0, instance:com.vtechsolutions.orangehrm.testcases.LoginTC_03@26e356f0]" started-at="2022-08-28T19:16:39 IST" name="tearDown" finished-at="2022-08-28T19:16:44 IST" duration-ms="5666" status="PASS">
          <reporter-output>
          </reporter-output>
        </test-method> <!-- tearDown -->
        <test-method is-config="true" signature="setUp(java.lang.String)[pri:0, instance:com.vtechsolutions.orangehrm.testcases.LoginTC_03@26e356f0]" started-at="2022-08-28T19:16:44 IST" name="setUp" finished-at="2022-08-28T19:16:53 IST" duration-ms="8791" status="PASS">
          <params>
            <param index="0">
              <value>
                <![CDATA[Chrome]]>
              </value>
            </param>
          </params>
          <reporter-output>
          </reporter-output>
        </test-method> <!-- setUp -->
        <test-method signature="verifylogin(java.lang.String,java.lang.String)[pri:0, instance:com.vtechsolutions.orangehrm.testcases.LoginTC_03@26e356f0]" started-at="2022-08-28T19:16:53 IST" name="verifylogin" data-provider="getData" finished-at="2022-08-28T19:16:55 IST" duration-ms="1599" status="PASS">
          <params>
            <param index="0">
              <value>
                <![CDATA[Admin12]]>
              </value>
            </param>
            <param index="1">
              <value>
                <![CDATA[admin123]]>
              </value>
            </param>
          </params>
          <reporter-output>
          </reporter-output>
        </test-method> <!-- verifylogin -->
        <test-method is-config="true" signature="tearDown()[pri:0, instance:com.vtechsolutions.orangehrm.testcases.LoginTC_03@26e356f0]" started-at="2022-08-28T19:16:55 IST" name="tearDown" finished-at="2022-08-28T19:17:00 IST" duration-ms="5690" status="PASS">
          <reporter-output>
          </reporter-output>
        </test-method> <!-- tearDown -->
      </class> <!-- com.vtechsolutions.orangehrm.testcases.LoginTC_03 -->
    </test> <!-- Default test -->
  </suite> <!-- Default suite -->
</testng-results>
