<?xml version="1.0" encoding="UTF-8"?>
<!-- Generated by org.testng.reporters.JUnitXMLReporter -->
<testsuite ignored="0" hostname="HP-PCTDFHGJ" failures="0" tests="3" name="Default test" time="52.352" errors="0" timestamp="2022-08-28T19:17:00 IST">
  <testcase classname="com.vtechsolutions.orangehrm.testcases.LoginTC_03" name="verifylogin" time="3.555"/>
  <testcase classname="com.vtechsolutions.orangehrm.testcases.LoginTC_03" name="verifylogin" time="2.107"/>
  <testcase classname="com.vtechsolutions.orangehrm.testcases.LoginTC_03" name="verifylogin" time="1.599"/>
</testsuite> <!-- Default test -->
