<?xml version="1.0" encoding="UTF-8"?>
<!-- Generated by org.testng.reporters.JUnitXMLReporter -->
<testsuite ignored="0" hostname="HP-PCTDFHGJ" failures="0" tests="3" name="Orange HRM Test" time="53.088" errors="0" timestamp="2022-08-14T12:07:18 IST">
  <testcase classname="com.vtechsolutions.orangehrm.testcases.LoginTC_01" name="verifyLoginPageTitleTC" time="0.264"/>
  <testcase classname="com.vtechsolutions.orangehrm.testcases.LoginTC_01" name="verifyOrangeHrmLogoTC" time="1.578"/>
  <testcase classname="com.vtechsolutions.orangehrm.testcases.LoginTC_01" name="loginTC_01" time="5.923"/>
</testsuite> <!-- Orange HRM Test -->
